{"D:\\Relevel_Code\\Week_10\\ecommerce-backend-master\\app.js": {"path":"D:\\Relevel_Code\\Week_10\\ecommerce-backend-master\\app.js","statementMap":{"0":{"start":{"line":1,"column":18},"end":{"line":1,"column":40}},"1":{"start":{"line":2,"column":14},"end":{"line":2,"column":32}},"2":{"start":{"line":3,"column":11},"end":{"line":3,"column":26}},"3":{"start":{"line":4,"column":19},"end":{"line":4,"column":43}},"4":{"start":{"line":5,"column":13},"end":{"line":5,"column":30}},"5":{"start":{"line":6,"column":11},"end":{"line":6,"column":26}},"6":{"start":{"line":8,"column":18},"end":{"line":8,"column":43}},"7":{"start":{"line":9,"column":16},"end":{"line":9,"column":39}},"8":{"start":{"line":11,"column":10},"end":{"line":11,"column":19}},"9":{"start":{"line":14,"column":0},"end":{"line":14,"column":48}},"10":{"start":{"line":15,"column":0},"end":{"line":15,"column":31}},"11":{"start":{"line":17,"column":0},"end":{"line":17,"column":23}},"12":{"start":{"line":18,"column":0},"end":{"line":18,"column":41}},"13":{"start":{"line":19,"column":0},"end":{"line":19,"column":64}},"14":{"start":{"line":20,"column":0},"end":{"line":20,"column":24}},"15":{"start":{"line":21,"column":0},"end":{"line":21,"column":56}},"16":{"start":{"line":22,"column":0},"end":{"line":22,"column":16}},"17":{"start":{"line":24,"column":0},"end":{"line":24,"column":26}},"18":{"start":{"line":25,"column":0},"end":{"line":25,"column":27}},"19":{"start":{"line":28,"column":0},"end":{"line":30,"column":3}},"20":{"start":{"line":29,"column":1},"end":{"line":29,"column":24}},"21":{"start":{"line":33,"column":0},"end":{"line":41,"column":3}},"22":{"start":{"line":35,"column":1},"end":{"line":35,"column":34}},"23":{"start":{"line":36,"column":1},"end":{"line":36,"column":68}},"24":{"start":{"line":39,"column":1},"end":{"line":39,"column":31}},"25":{"start":{"line":40,"column":1},"end":{"line":40,"column":21}},"26":{"start":{"line":43,"column":0},"end":{"line":43,"column":21}}},"fnMap":{"0":{"name":"(anonymous_0)","decl":{"start":{"line":28,"column":8},"end":{"line":28,"column":9}},"loc":{"start":{"line":28,"column":34},"end":{"line":30,"column":1}},"line":28},"1":{"name":"(anonymous_1)","decl":{"start":{"line":33,"column":8},"end":{"line":33,"column":9}},"loc":{"start":{"line":33,"column":39},"end":{"line":41,"column":1}},"line":33}},"branchMap":{"0":{"loc":{"start":{"line":36,"column":20},"end":{"line":36,"column":67}},"type":"cond-expr","locations":[{"start":{"line":36,"column":59},"end":{"line":36,"column":62}},{"start":{"line":36,"column":65},"end":{"line":36,"column":67}}],"line":36},"1":{"loc":{"start":{"line":39,"column":12},"end":{"line":39,"column":29}},"type":"binary-expr","locations":[{"start":{"line":39,"column":12},"end":{"line":39,"column":22}},{"start":{"line":39,"column":26},"end":{"line":39,"column":29}}],"line":39}},"s":{"0":2,"1":2,"2":2,"3":2,"4":2,"5":2,"6":2,"7":2,"8":2,"9":2,"10":2,"11":2,"12":2,"13":2,"14":2,"15":2,"16":2,"17":2,"18":2,"19":2,"20":1,"21":2,"22":6,"23":6,"24":6,"25":6,"26":2},"f":{"0":1,"1":6},"b":{"0":[0,6],"1":[6,5]},"_coverageSchema":"1a1c01bbd47fc00a2c39e90264f33305004495a9","hash":"d78445f49653b5115f477618290eef7fef260240"}
,"D:\\Relevel_Code\\Week_10\\ecommerce-backend-master\\routes\\index.js": {"path":"D:\\Relevel_Code\\Week_10\\ecommerce-backend-master\\routes\\index.js","statementMap":{"0":{"start":{"line":1,"column":14},"end":{"line":1,"column":32}},"1":{"start":{"line":2,"column":13},"end":{"line":2,"column":29}},"2":{"start":{"line":5,"column":0},"end":{"line":7,"column":3}},"3":{"start":{"line":6,"column":1},"end":{"line":6,"column":45}},"4":{"start":{"line":9,"column":0},"end":{"line":9,"column":24}}},"fnMap":{"0":{"name":"(anonymous_0)","decl":{"start":{"line":5,"column":16},"end":{"line":5,"column":17}},"loc":{"start":{"line":5,"column":42},"end":{"line":7,"column":1}},"line":5}},"branchMap":{},"s":{"0":2,"1":2,"2":2,"3":1,"4":2},"f":{"0":1},"b":{},"_coverageSchema":"1a1c01bbd47fc00a2c39e90264f33305004495a9","hash":"740aab1d8857070630d8a2c436fb43d52325bab2"}
,"D:\\Relevel_Code\\Week_10\\ecommerce-backend-master\\routes\\api\\index.js": {"path":"D:\\Relevel_Code\\Week_10\\ecommerce-backend-master\\routes\\api\\index.js","statementMap":{"0":{"start":{"line":1,"column":16},"end":{"line":1,"column":34}},"1":{"start":{"line":2,"column":13},"end":{"line":2,"column":29}},"2":{"start":{"line":3,"column":11},"end":{"line":3,"column":26}},"3":{"start":{"line":5,"column":0},"end":{"line":5,"column":22}},"4":{"start":{"line":7,"column":0},"end":{"line":7,"column":24}}},"fnMap":{},"branchMap":{},"s":{"0":2,"1":2,"2":2,"3":2,"4":2},"f":{},"b":{},"_coverageSchema":"1a1c01bbd47fc00a2c39e90264f33305004495a9","hash":"a75bd4e10324729bc4d69ca3061fe6c399e8bd81"}
,"D:\\Relevel_Code\\Week_10\\ecommerce-backend-master\\routes\\api\\v1\\index.js": {"path":"D:\\Relevel_Code\\Week_10\\ecommerce-backend-master\\routes\\api\\v1\\index.js","statementMap":{"0":{"start":{"line":1,"column":16},"end":{"line":1,"column":34}},"1":{"start":{"line":2,"column":13},"end":{"line":2,"column":29}},"2":{"start":{"line":3,"column":13},"end":{"line":3,"column":53}},"3":{"start":{"line":4,"column":23},"end":{"line":4,"column":73}},"4":{"start":{"line":5,"column":27},"end":{"line":5,"column":81}},"5":{"start":{"line":6,"column":26},"end":{"line":6,"column":79}},"6":{"start":{"line":7,"column":24},"end":{"line":7,"column":75}},"7":{"start":{"line":9,"column":0},"end":{"line":9,"column":49}},"8":{"start":{"line":10,"column":0},"end":{"line":10,"column":51}},"9":{"start":{"line":11,"column":0},"end":{"line":11,"column":66}},"10":{"start":{"line":12,"column":0},"end":{"line":12,"column":66}},"11":{"start":{"line":13,"column":0},"end":{"line":13,"column":70}},"12":{"start":{"line":14,"column":0},"end":{"line":14,"column":66}},"13":{"start":{"line":15,"column":0},"end":{"line":15,"column":75}},"14":{"start":{"line":16,"column":0},"end":{"line":16,"column":61}},"15":{"start":{"line":17,"column":0},"end":{"line":17,"column":69}},"16":{"start":{"line":18,"column":0},"end":{"line":18,"column":60}},"17":{"start":{"line":20,"column":0},"end":{"line":20,"column":24}}},"fnMap":{},"branchMap":{},"s":{"0":2,"1":2,"2":2,"3":2,"4":2,"5":2,"6":2,"7":2,"8":2,"9":2,"10":2,"11":2,"12":2,"13":2,"14":2,"15":2,"16":2,"17":2},"f":{},"b":{},"_coverageSchema":"1a1c01bbd47fc00a2c39e90264f33305004495a9","hash":"ae096dc3f5ee12e206571477eae9d4afb3e882b5"}
,"D:\\Relevel_Code\\Week_10\\ecommerce-backend-master\\src\\constants\\backendConfig.js": {"path":"D:\\Relevel_Code\\Week_10\\ecommerce-backend-master\\src\\constants\\backendConfig.js","statementMap":{"0":{"start":{"line":1,"column":0},"end":{"line":39,"column":2}}},"fnMap":{},"branchMap":{},"s":{"0":5},"f":{},"b":{},"_coverageSchema":"1a1c01bbd47fc00a2c39e90264f33305004495a9","hash":"23abda0b5c8cf6ab6e7e8c77cf2e79273e708527"}
,"D:\\Relevel_Code\\Week_10\\ecommerce-backend-master\\src\\controllers\\categoryController.js": {"path":"D:\\Relevel_Code\\Week_10\\ecommerce-backend-master\\src\\controllers\\categoryController.js","statementMap":{"0":{"start":{"line":1,"column":17},"end":{"line":1,"column":46}},"1":{"start":{"line":4,"column":4},"end":{"line":4,"column":41}},"2":{"start":{"line":6,"column":0},"end":{"line":22,"column":2}},"3":{"start":{"line":8,"column":21},"end":{"line":11,"column":3}},"4":{"start":{"line":12,"column":2},"end":{"line":20,"column":5}},"5":{"start":{"line":13,"column":3},"end":{"line":15,"column":4}},"6":{"start":{"line":14,"column":4},"end":{"line":14,"column":72}},"7":{"start":{"line":16,"column":3},"end":{"line":16,"column":31}},"8":{"start":{"line":17,"column":3},"end":{"line":17,"column":55}},"9":{"start":{"line":18,"column":3},"end":{"line":18,"column":36}},"10":{"start":{"line":19,"column":3},"end":{"line":19,"column":59}}},"fnMap":{"0":{"name":"(anonymous_0)","decl":{"start":{"line":7,"column":17},"end":{"line":7,"column":18}},"loc":{"start":{"line":7,"column":37},"end":{"line":21,"column":2}},"line":7},"1":{"name":"(anonymous_1)","decl":{"start":{"line":12,"column":26},"end":{"line":12,"column":27}},"loc":{"start":{"line":12,"column":49},"end":{"line":20,"column":3}},"line":12}},"branchMap":{"0":{"loc":{"start":{"line":13,"column":3},"end":{"line":15,"column":4}},"type":"if","locations":[{"start":{"line":13,"column":3},"end":{"line":15,"column":4}},{"start":{},"end":{}}],"line":13}},"s":{"0":3,"1":3,"2":3,"3":2,"4":2,"5":2,"6":1,"7":1,"8":1,"9":1,"10":1},"f":{"0":2,"1":2},"b":{"0":[1,1]},"_coverageSchema":"1a1c01bbd47fc00a2c39e90264f33305004495a9","hash":"8e0bbc7e15c15b41459c63d18637c08653b651cb"}
,"D:\\Relevel_Code\\Week_10\\ecommerce-backend-master\\src\\controllers\\orderController.js": {"path":"D:\\Relevel_Code\\Week_10\\ecommerce-backend-master\\src\\controllers\\orderController.js","statementMap":{"0":{"start":{"line":1,"column":20},"end":{"line":1,"column":52}},"1":{"start":{"line":2,"column":18},"end":{"line":2,"column":48}},"2":{"start":{"line":3,"column":16},"end":{"line":3,"column":44}},"3":{"start":{"line":6,"column":4},"end":{"line":6,"column":41}},"4":{"start":{"line":8,"column":0},"end":{"line":196,"column":2}},"5":{"start":{"line":10,"column":13},"end":{"line":10,"column":21}},"6":{"start":{"line":11,"column":21},"end":{"line":14,"column":3}},"7":{"start":{"line":15,"column":2},"end":{"line":75,"column":3}},"8":{"start":{"line":16,"column":3},"end":{"line":16,"column":21}},"9":{"start":{"line":17,"column":3},"end":{"line":72,"column":6}},"10":{"start":{"line":18,"column":4},"end":{"line":21,"column":5}},"11":{"start":{"line":19,"column":5},"end":{"line":19,"column":50}},"12":{"start":{"line":20,"column":5},"end":{"line":20,"column":73}},"13":{"start":{"line":22,"column":4},"end":{"line":71,"column":7}},"14":{"start":{"line":23,"column":5},"end":{"line":26,"column":6}},"15":{"start":{"line":24,"column":6},"end":{"line":24,"column":51}},"16":{"start":{"line":25,"column":6},"end":{"line":25,"column":74}},"17":{"start":{"line":27,"column":5},"end":{"line":70,"column":6}},"18":{"start":{"line":28,"column":6},"end":{"line":28,"column":82}},"19":{"start":{"line":29,"column":6},"end":{"line":29,"column":35}},"20":{"start":{"line":30,"column":6},"end":{"line":48,"column":9}},"21":{"start":{"line":31,"column":7},"end":{"line":34,"column":8}},"22":{"start":{"line":32,"column":8},"end":{"line":32,"column":53}},"23":{"start":{"line":33,"column":8},"end":{"line":33,"column":76}},"24":{"start":{"line":35,"column":7},"end":{"line":35,"column":36}},"25":{"start":{"line":36,"column":7},"end":{"line":47,"column":10}},"26":{"start":{"line":37,"column":8},"end":{"line":40,"column":9}},"27":{"start":{"line":38,"column":9},"end":{"line":38,"column":54}},"28":{"start":{"line":39,"column":9},"end":{"line":39,"column":77}},"29":{"start":{"line":41,"column":8},"end":{"line":41,"column":36}},"30":{"start":{"line":42,"column":8},"end":{"line":42,"column":55}},"31":{"start":{"line":43,"column":8},"end":{"line":45,"column":9}},"32":{"start":{"line":46,"column":8},"end":{"line":46,"column":64}},"33":{"start":{"line":50,"column":6},"end":{"line":50,"column":49}},"34":{"start":{"line":51,"column":6},"end":{"line":69,"column":9}},"35":{"start":{"line":52,"column":7},"end":{"line":55,"column":8}},"36":{"start":{"line":53,"column":8},"end":{"line":53,"column":53}},"37":{"start":{"line":54,"column":8},"end":{"line":54,"column":76}},"38":{"start":{"line":56,"column":7},"end":{"line":56,"column":39}},"39":{"start":{"line":57,"column":7},"end":{"line":68,"column":10}},"40":{"start":{"line":58,"column":8},"end":{"line":61,"column":9}},"41":{"start":{"line":59,"column":9},"end":{"line":59,"column":54}},"42":{"start":{"line":60,"column":9},"end":{"line":60,"column":77}},"43":{"start":{"line":62,"column":8},"end":{"line":62,"column":36}},"44":{"start":{"line":63,"column":8},"end":{"line":63,"column":55}},"45":{"start":{"line":64,"column":8},"end":{"line":66,"column":9}},"46":{"start":{"line":67,"column":8},"end":{"line":67,"column":64}},"47":{"start":{"line":74,"column":3},"end":{"line":74,"column":62}},"48":{"start":{"line":79,"column":13},"end":{"line":79,"column":21}},"49":{"start":{"line":80,"column":21},"end":{"line":83,"column":3}},"50":{"start":{"line":84,"column":2},"end":{"line":114,"column":3}},"51":{"start":{"line":85,"column":3},"end":{"line":111,"column":6}},"52":{"start":{"line":86,"column":4},"end":{"line":89,"column":5}},"53":{"start":{"line":87,"column":5},"end":{"line":87,"column":58}},"54":{"start":{"line":88,"column":5},"end":{"line":88,"column":73}},"55":{"start":{"line":90,"column":4},"end":{"line":90,"column":32}},"56":{"start":{"line":91,"column":4},"end":{"line":91,"column":59}},"57":{"start":{"line":92,"column":4},"end":{"line":109,"column":5}},"58":{"start":{"line":93,"column":5},"end":{"line":97,"column":6}},"59":{"start":{"line":98,"column":5},"end":{"line":108,"column":8}},"60":{"start":{"line":99,"column":6},"end":{"line":107,"column":7}},"61":{"start":{"line":100,"column":26},"end":{"line":105,"column":8}},"62":{"start":{"line":106,"column":7},"end":{"line":106,"column":59}},"63":{"start":{"line":110,"column":4},"end":{"line":110,"column":60}},"64":{"start":{"line":113,"column":3},"end":{"line":113,"column":62}},"65":{"start":{"line":118,"column":13},"end":{"line":118,"column":21}},"66":{"start":{"line":119,"column":21},"end":{"line":122,"column":3}},"67":{"start":{"line":123,"column":2},"end":{"line":125,"column":3}},"68":{"start":{"line":124,"column":3},"end":{"line":124,"column":62}},"69":{"start":{"line":126,"column":2},"end":{"line":194,"column":3}},"70":{"start":{"line":127,"column":3},"end":{"line":191,"column":4}},"71":{"start":{"line":128,"column":4},"end":{"line":136,"column":7}},"72":{"start":{"line":129,"column":5},"end":{"line":132,"column":6}},"73":{"start":{"line":130,"column":6},"end":{"line":130,"column":55}},"74":{"start":{"line":131,"column":6},"end":{"line":131,"column":74}},"75":{"start":{"line":133,"column":5},"end":{"line":133,"column":33}},"76":{"start":{"line":134,"column":5},"end":{"line":134,"column":61}},"77":{"start":{"line":135,"column":5},"end":{"line":135,"column":61}},"78":{"start":{"line":138,"column":4},"end":{"line":190,"column":7}},"79":{"start":{"line":139,"column":5},"end":{"line":142,"column":6}},"80":{"start":{"line":140,"column":6},"end":{"line":140,"column":59}},"81":{"start":{"line":141,"column":6},"end":{"line":141,"column":74}},"82":{"start":{"line":143,"column":5},"end":{"line":189,"column":8}},"83":{"start":{"line":144,"column":6},"end":{"line":147,"column":7}},"84":{"start":{"line":145,"column":7},"end":{"line":145,"column":60}},"85":{"start":{"line":146,"column":7},"end":{"line":146,"column":75}},"86":{"start":{"line":148,"column":6},"end":{"line":188,"column":7}},"87":{"start":{"line":149,"column":7},"end":{"line":164,"column":10}},"88":{"start":{"line":150,"column":8},"end":{"line":153,"column":9}},"89":{"start":{"line":151,"column":9},"end":{"line":151,"column":62}},"90":{"start":{"line":152,"column":9},"end":{"line":152,"column":77}},"91":{"start":{"line":154,"column":8},"end":{"line":154,"column":88}},"92":{"start":{"line":155,"column":8},"end":{"line":163,"column":11}},"93":{"start":{"line":156,"column":9},"end":{"line":159,"column":10}},"94":{"start":{"line":157,"column":10},"end":{"line":157,"column":63}},"95":{"start":{"line":158,"column":10},"end":{"line":158,"column":78}},"96":{"start":{"line":160,"column":9},"end":{"line":160,"column":37}},"97":{"start":{"line":161,"column":9},"end":{"line":161,"column":65}},"98":{"start":{"line":162,"column":9},"end":{"line":162,"column":65}},"99":{"start":{"line":166,"column":7},"end":{"line":187,"column":10}},"100":{"start":{"line":167,"column":8},"end":{"line":170,"column":9}},"101":{"start":{"line":168,"column":9},"end":{"line":168,"column":62}},"102":{"start":{"line":169,"column":9},"end":{"line":169,"column":77}},"103":{"start":{"line":171,"column":27},"end":{"line":171,"column":28}},"104":{"start":{"line":172,"column":8},"end":{"line":176,"column":11}},"105":{"start":{"line":173,"column":9},"end":{"line":175,"column":10}},"106":{"start":{"line":174,"column":10},"end":{"line":174,"column":55}},"107":{"start":{"line":177,"column":8},"end":{"line":177,"column":103}},"108":{"start":{"line":178,"column":8},"end":{"line":186,"column":11}},"109":{"start":{"line":179,"column":9},"end":{"line":182,"column":10}},"110":{"start":{"line":180,"column":10},"end":{"line":180,"column":63}},"111":{"start":{"line":181,"column":10},"end":{"line":181,"column":78}},"112":{"start":{"line":183,"column":9},"end":{"line":183,"column":37}},"113":{"start":{"line":184,"column":9},"end":{"line":184,"column":65}},"114":{"start":{"line":185,"column":9},"end":{"line":185,"column":65}},"115":{"start":{"line":193,"column":3},"end":{"line":193,"column":62}}},"fnMap":{"0":{"name":"(anonymous_0)","decl":{"start":{"line":9,"column":14},"end":{"line":9,"column":15}},"loc":{"start":{"line":9,"column":34},"end":{"line":76,"column":2}},"line":9},"1":{"name":"(anonymous_1)","decl":{"start":{"line":17,"column":35},"end":{"line":17,"column":36}},"loc":{"start":{"line":17,"column":58},"end":{"line":72,"column":4}},"line":17},"2":{"name":"(anonymous_2)","decl":{"start":{"line":22,"column":38},"end":{"line":22,"column":39}},"loc":{"start":{"line":22,"column":63},"end":{"line":71,"column":5}},"line":22},"3":{"name":"(anonymous_3)","decl":{"start":{"line":30,"column":34},"end":{"line":30,"column":35}},"loc":{"start":{"line":30,"column":59},"end":{"line":48,"column":7}},"line":30},"4":{"name":"(anonymous_4)","decl":{"start":{"line":36,"column":36},"end":{"line":36,"column":37}},"loc":{"start":{"line":36,"column":52},"end":{"line":47,"column":8}},"line":36},"5":{"name":"(anonymous_5)","decl":{"start":{"line":51,"column":33},"end":{"line":51,"column":34}},"loc":{"start":{"line":51,"column":58},"end":{"line":69,"column":7}},"line":51},"6":{"name":"(anonymous_6)","decl":{"start":{"line":57,"column":36},"end":{"line":57,"column":37}},"loc":{"start":{"line":57,"column":52},"end":{"line":68,"column":8}},"line":57},"7":{"name":"(anonymous_7)","decl":{"start":{"line":78,"column":18},"end":{"line":78,"column":19}},"loc":{"start":{"line":78,"column":38},"end":{"line":115,"column":2}},"line":78},"8":{"name":"(anonymous_8)","decl":{"start":{"line":85,"column":37},"end":{"line":85,"column":38}},"loc":{"start":{"line":85,"column":60},"end":{"line":111,"column":4}},"line":85},"9":{"name":"(anonymous_9)","decl":{"start":{"line":98,"column":20},"end":{"line":98,"column":21}},"loc":{"start":{"line":98,"column":30},"end":{"line":108,"column":6}},"line":98},"10":{"name":"(anonymous_10)","decl":{"start":{"line":117,"column":12},"end":{"line":117,"column":13}},"loc":{"start":{"line":117,"column":32},"end":{"line":195,"column":2}},"line":117},"11":{"name":"(anonymous_11)","decl":{"start":{"line":128,"column":32},"end":{"line":128,"column":33}},"loc":{"start":{"line":128,"column":45},"end":{"line":136,"column":5}},"line":128},"12":{"name":"(anonymous_12)","decl":{"start":{"line":138,"column":36},"end":{"line":138,"column":37}},"loc":{"start":{"line":138,"column":57},"end":{"line":190,"column":5}},"line":138},"13":{"name":"(anonymous_13)","decl":{"start":{"line":143,"column":39},"end":{"line":143,"column":40}},"loc":{"start":{"line":143,"column":62},"end":{"line":189,"column":6}},"line":143},"14":{"name":"(anonymous_14)","decl":{"start":{"line":149,"column":39},"end":{"line":149,"column":40}},"loc":{"start":{"line":149,"column":53},"end":{"line":164,"column":8}},"line":149},"15":{"name":"(anonymous_15)","decl":{"start":{"line":155,"column":36},"end":{"line":155,"column":37}},"loc":{"start":{"line":155,"column":50},"end":{"line":163,"column":9}},"line":155},"16":{"name":"(anonymous_16)","decl":{"start":{"line":166,"column":37},"end":{"line":166,"column":38}},"loc":{"start":{"line":166,"column":51},"end":{"line":187,"column":8}},"line":166},"17":{"name":"(anonymous_17)","decl":{"start":{"line":172,"column":24},"end":{"line":172,"column":25}},"loc":{"start":{"line":172,"column":34},"end":{"line":176,"column":9}},"line":172},"18":{"name":"(anonymous_18)","decl":{"start":{"line":178,"column":36},"end":{"line":178,"column":37}},"loc":{"start":{"line":178,"column":50},"end":{"line":186,"column":9}},"line":178}},"branchMap":{"0":{"loc":{"start":{"line":15,"column":2},"end":{"line":75,"column":3}},"type":"if","locations":[{"start":{"line":15,"column":2},"end":{"line":75,"column":3}},{"start":{"line":73,"column":9},"end":{"line":75,"column":3}}],"line":15},"1":{"loc":{"start":{"line":15,"column":6},"end":{"line":15,"column":35}},"type":"binary-expr","locations":[{"start":{"line":15,"column":6},"end":{"line":15,"column":20}},{"start":{"line":15,"column":24},"end":{"line":15,"column":35}}],"line":15},"2":{"loc":{"start":{"line":18,"column":4},"end":{"line":21,"column":5}},"type":"if","locations":[{"start":{"line":18,"column":4},"end":{"line":21,"column":5}},{"start":{},"end":{}}],"line":18},"3":{"loc":{"start":{"line":23,"column":5},"end":{"line":26,"column":6}},"type":"if","locations":[{"start":{"line":23,"column":5},"end":{"line":26,"column":6}},{"start":{},"end":{}}],"line":23},"4":{"loc":{"start":{"line":27,"column":5},"end":{"line":70,"column":6}},"type":"if","locations":[{"start":{"line":27,"column":5},"end":{"line":70,"column":6}},{"start":{"line":49,"column":12},"end":{"line":70,"column":6}}],"line":27},"5":{"loc":{"start":{"line":31,"column":7},"end":{"line":34,"column":8}},"type":"if","locations":[{"start":{"line":31,"column":7},"end":{"line":34,"column":8}},{"start":{},"end":{}}],"line":31},"6":{"loc":{"start":{"line":37,"column":8},"end":{"line":40,"column":9}},"type":"if","locations":[{"start":{"line":37,"column":8},"end":{"line":40,"column":9}},{"start":{},"end":{}}],"line":37},"7":{"loc":{"start":{"line":52,"column":7},"end":{"line":55,"column":8}},"type":"if","locations":[{"start":{"line":52,"column":7},"end":{"line":55,"column":8}},{"start":{},"end":{}}],"line":52},"8":{"loc":{"start":{"line":58,"column":8},"end":{"line":61,"column":9}},"type":"if","locations":[{"start":{"line":58,"column":8},"end":{"line":61,"column":9}},{"start":{},"end":{}}],"line":58},"9":{"loc":{"start":{"line":84,"column":2},"end":{"line":114,"column":3}},"type":"if","locations":[{"start":{"line":84,"column":2},"end":{"line":114,"column":3}},{"start":{"line":112,"column":9},"end":{"line":114,"column":3}}],"line":84},"10":{"loc":{"start":{"line":86,"column":4},"end":{"line":89,"column":5}},"type":"if","locations":[{"start":{"line":86,"column":4},"end":{"line":89,"column":5}},{"start":{},"end":{}}],"line":86},"11":{"loc":{"start":{"line":92,"column":4},"end":{"line":109,"column":5}},"type":"if","locations":[{"start":{"line":92,"column":4},"end":{"line":109,"column":5}},{"start":{},"end":{}}],"line":92},"12":{"loc":{"start":{"line":99,"column":6},"end":{"line":107,"column":7}},"type":"if","locations":[{"start":{"line":99,"column":6},"end":{"line":107,"column":7}},{"start":{},"end":{}}],"line":99},"13":{"loc":{"start":{"line":123,"column":2},"end":{"line":125,"column":3}},"type":"if","locations":[{"start":{"line":123,"column":2},"end":{"line":125,"column":3}},{"start":{},"end":{}}],"line":123},"14":{"loc":{"start":{"line":126,"column":2},"end":{"line":194,"column":3}},"type":"if","locations":[{"start":{"line":126,"column":2},"end":{"line":194,"column":3}},{"start":{"line":192,"column":9},"end":{"line":194,"column":3}}],"line":126},"15":{"loc":{"start":{"line":126,"column":6},"end":{"line":126,"column":33}},"type":"binary-expr","locations":[{"start":{"line":126,"column":6},"end":{"line":126,"column":18}},{"start":{"line":126,"column":22},"end":{"line":126,"column":33}}],"line":126},"16":{"loc":{"start":{"line":127,"column":3},"end":{"line":191,"column":4}},"type":"if","locations":[{"start":{"line":127,"column":3},"end":{"line":191,"column":4}},{"start":{"line":137,"column":10},"end":{"line":191,"column":4}}],"line":127},"17":{"loc":{"start":{"line":129,"column":5},"end":{"line":132,"column":6}},"type":"if","locations":[{"start":{"line":129,"column":5},"end":{"line":132,"column":6}},{"start":{},"end":{}}],"line":129},"18":{"loc":{"start":{"line":139,"column":5},"end":{"line":142,"column":6}},"type":"if","locations":[{"start":{"line":139,"column":5},"end":{"line":142,"column":6}},{"start":{},"end":{}}],"line":139},"19":{"loc":{"start":{"line":144,"column":6},"end":{"line":147,"column":7}},"type":"if","locations":[{"start":{"line":144,"column":6},"end":{"line":147,"column":7}},{"start":{},"end":{}}],"line":144},"20":{"loc":{"start":{"line":148,"column":6},"end":{"line":188,"column":7}},"type":"if","locations":[{"start":{"line":148,"column":6},"end":{"line":188,"column":7}},{"start":{"line":165,"column":13},"end":{"line":188,"column":7}}],"line":148},"21":{"loc":{"start":{"line":150,"column":8},"end":{"line":153,"column":9}},"type":"if","locations":[{"start":{"line":150,"column":8},"end":{"line":153,"column":9}},{"start":{},"end":{}}],"line":150},"22":{"loc":{"start":{"line":156,"column":9},"end":{"line":159,"column":10}},"type":"if","locations":[{"start":{"line":156,"column":9},"end":{"line":159,"column":10}},{"start":{},"end":{}}],"line":156},"23":{"loc":{"start":{"line":167,"column":8},"end":{"line":170,"column":9}},"type":"if","locations":[{"start":{"line":167,"column":8},"end":{"line":170,"column":9}},{"start":{},"end":{}}],"line":167},"24":{"loc":{"start":{"line":173,"column":9},"end":{"line":175,"column":10}},"type":"if","locations":[{"start":{"line":173,"column":9},"end":{"line":175,"column":10}},{"start":{},"end":{}}],"line":173},"25":{"loc":{"start":{"line":179,"column":9},"end":{"line":182,"column":10}},"type":"if","locations":[{"start":{"line":179,"column":9},"end":{"line":182,"column":10}},{"start":{},"end":{}}],"line":179}},"s":{"0":3,"1":3,"2":3,"3":3,"4":3,"5":10,"6":10,"7":10,"8":9,"9":9,"10":9,"11":1,"12":1,"13":8,"14":8,"15":1,"16":1,"17":7,"18":4,"19":4,"20":4,"21":4,"22":2,"23":2,"24":2,"25":2,"26":2,"27":1,"28":1,"29":1,"30":1,"31":1,"32":1,"33":3,"34":3,"35":3,"36":1,"37":1,"38":2,"39":2,"40":2,"41":1,"42":1,"43":1,"44":1,"45":1,"46":1,"47":1,"48":3,"49":3,"50":3,"51":2,"52":2,"53":1,"54":1,"55":1,"56":1,"57":1,"58":1,"59":1,"60":1,"61":1,"62":1,"63":1,"64":1,"65":11,"66":11,"67":11,"68":3,"69":11,"70":9,"71":2,"72":2,"73":1,"74":1,"75":1,"76":1,"77":1,"78":7,"79":7,"80":1,"81":1,"82":6,"83":6,"84":1,"85":1,"86":5,"87":3,"88":3,"89":1,"90":1,"91":2,"92":2,"93":2,"94":1,"95":1,"96":1,"97":1,"98":1,"99":2,"100":2,"101":1,"102":1,"103":1,"104":1,"105":1,"106":0,"107":1,"108":1,"109":1,"110":0,"111":0,"112":1,"113":1,"114":1,"115":2},"f":{"0":10,"1":9,"2":8,"3":4,"4":2,"5":3,"6":2,"7":3,"8":2,"9":1,"10":11,"11":2,"12":7,"13":6,"14":3,"15":2,"16":2,"17":1,"18":1},"b":{"0":[9,1],"1":[10,9],"2":[1,8],"3":[1,7],"4":[4,3],"5":[2,2],"6":[1,1],"7":[1,2],"8":[1,1],"9":[2,1],"10":[1,1],"11":[1,0],"12":[1,0],"13":[3,8],"14":[9,2],"15":[11,9],"16":[2,7],"17":[1,1],"18":[1,6],"19":[1,5],"20":[3,2],"21":[1,2],"22":[1,1],"23":[1,1],"24":[0,1],"25":[0,1]},"_coverageSchema":"1a1c01bbd47fc00a2c39e90264f33305004495a9","hash":"7054bf3b7d4239084e095903c8df788a8da6e87a"}
,"D:\\Relevel_Code\\Week_10\\ecommerce-backend-master\\src\\controllers\\productController.js": {"path":"D:\\Relevel_Code\\Week_10\\ecommerce-backend-master\\src\\controllers\\productController.js","statementMap":{"0":{"start":{"line":1,"column":16},"end":{"line":1,"column":44}},"1":{"start":{"line":4,"column":4},"end":{"line":4,"column":41}},"2":{"start":{"line":6,"column":0},"end":{"line":46,"column":2}},"3":{"start":{"line":8,"column":13},"end":{"line":8,"column":21}},"4":{"start":{"line":9,"column":21},"end":{"line":12,"column":3}},"5":{"start":{"line":13,"column":2},"end":{"line":22,"column":5}},"6":{"start":{"line":14,"column":3},"end":{"line":17,"column":4}},"7":{"start":{"line":15,"column":4},"end":{"line":15,"column":52}},"8":{"start":{"line":16,"column":4},"end":{"line":16,"column":72}},"9":{"start":{"line":18,"column":3},"end":{"line":18,"column":31}},"10":{"start":{"line":19,"column":3},"end":{"line":19,"column":53}},"11":{"start":{"line":20,"column":3},"end":{"line":20,"column":34}},"12":{"start":{"line":21,"column":3},"end":{"line":21,"column":59}},"13":{"start":{"line":26,"column":13},"end":{"line":26,"column":21}},"14":{"start":{"line":27,"column":21},"end":{"line":30,"column":3}},"15":{"start":{"line":31,"column":2},"end":{"line":44,"column":3}},"16":{"start":{"line":32,"column":3},"end":{"line":41,"column":6}},"17":{"start":{"line":33,"column":4},"end":{"line":36,"column":5}},"18":{"start":{"line":34,"column":5},"end":{"line":34,"column":60}},"19":{"start":{"line":35,"column":5},"end":{"line":35,"column":73}},"20":{"start":{"line":37,"column":4},"end":{"line":37,"column":32}},"21":{"start":{"line":38,"column":4},"end":{"line":38,"column":61}},"22":{"start":{"line":39,"column":4},"end":{"line":39,"column":44}},"23":{"start":{"line":40,"column":4},"end":{"line":40,"column":60}},"24":{"start":{"line":43,"column":3},"end":{"line":43,"column":62}}},"fnMap":{"0":{"name":"(anonymous_0)","decl":{"start":{"line":7,"column":15},"end":{"line":7,"column":16}},"loc":{"start":{"line":7,"column":35},"end":{"line":23,"column":2}},"line":7},"1":{"name":"(anonymous_1)","decl":{"start":{"line":13,"column":29},"end":{"line":13,"column":30}},"loc":{"start":{"line":13,"column":52},"end":{"line":22,"column":3}},"line":13},"2":{"name":"(anonymous_2)","decl":{"start":{"line":25,"column":23},"end":{"line":25,"column":24}},"loc":{"start":{"line":25,"column":43},"end":{"line":45,"column":2}},"line":25},"3":{"name":"(anonymous_3)","decl":{"start":{"line":32,"column":35},"end":{"line":32,"column":36}},"loc":{"start":{"line":32,"column":58},"end":{"line":41,"column":4}},"line":32}},"branchMap":{"0":{"loc":{"start":{"line":14,"column":3},"end":{"line":17,"column":4}},"type":"if","locations":[{"start":{"line":14,"column":3},"end":{"line":17,"column":4}},{"start":{},"end":{}}],"line":14},"1":{"loc":{"start":{"line":31,"column":2},"end":{"line":44,"column":3}},"type":"if","locations":[{"start":{"line":31,"column":2},"end":{"line":44,"column":3}},{"start":{"line":42,"column":9},"end":{"line":44,"column":3}}],"line":31},"2":{"loc":{"start":{"line":31,"column":6},"end":{"line":31,"column":35}},"type":"binary-expr","locations":[{"start":{"line":31,"column":6},"end":{"line":31,"column":20}},{"start":{"line":31,"column":24},"end":{"line":31,"column":35}}],"line":31},"3":{"loc":{"start":{"line":33,"column":4},"end":{"line":36,"column":5}},"type":"if","locations":[{"start":{"line":33,"column":4},"end":{"line":36,"column":5}},{"start":{},"end":{}}],"line":33}},"s":{"0":3,"1":3,"2":3,"3":2,"4":2,"5":2,"6":2,"7":1,"8":1,"9":1,"10":1,"11":1,"12":1,"13":3,"14":3,"15":3,"16":2,"17":2,"18":1,"19":1,"20":1,"21":1,"22":1,"23":1,"24":1},"f":{"0":2,"1":2,"2":3,"3":2},"b":{"0":[1,1],"1":[2,1],"2":[3,3],"3":[1,1]},"_coverageSchema":"1a1c01bbd47fc00a2c39e90264f33305004495a9","hash":"85efcfc0242575b7aa279f885b3ad58b1ff945b8"}
,"D:\\Relevel_Code\\Week_10\\ecommerce-backend-master\\src\\controllers\\userController.js": {"path":"D:\\Relevel_Code\\Week_10\\ecommerce-backend-master\\src\\controllers\\userController.js","statementMap":{"0":{"start":{"line":1,"column":13},"end":{"line":1,"column":38}},"1":{"start":{"line":2,"column":12},"end":{"line":2,"column":35}},"2":{"start":{"line":3,"column":15},"end":{"line":3,"column":32}},"3":{"start":{"line":6,"column":4},"end":{"line":6,"column":41}},"4":{"start":{"line":8,"column":19},"end":{"line":8,"column":21}},"5":{"start":{"line":10,"column":0},"end":{"line":185,"column":2}},"6":{"start":{"line":12,"column":13},"end":{"line":12,"column":21}},"7":{"start":{"line":13,"column":21},"end":{"line":16,"column":3}},"8":{"start":{"line":17,"column":2},"end":{"line":55,"column":3}},"9":{"start":{"line":18,"column":3},"end":{"line":52,"column":6}},"10":{"start":{"line":19,"column":4},"end":{"line":22,"column":5}},"11":{"start":{"line":20,"column":5},"end":{"line":20,"column":41}},"12":{"start":{"line":21,"column":5},"end":{"line":21,"column":73}},"13":{"start":{"line":23,"column":4},"end":{"line":26,"column":5}},"14":{"start":{"line":24,"column":5},"end":{"line":24,"column":52}},"15":{"start":{"line":25,"column":5},"end":{"line":25,"column":73}},"16":{"start":{"line":27,"column":4},"end":{"line":51,"column":6}},"17":{"start":{"line":28,"column":5},"end":{"line":31,"column":6}},"18":{"start":{"line":29,"column":6},"end":{"line":29,"column":42}},"19":{"start":{"line":30,"column":6},"end":{"line":30,"column":74}},"20":{"start":{"line":32,"column":5},"end":{"line":35,"column":6}},"21":{"start":{"line":33,"column":6},"end":{"line":33,"column":53}},"22":{"start":{"line":34,"column":6},"end":{"line":34,"column":74}},"23":{"start":{"line":36,"column":5},"end":{"line":36,"column":33}},"24":{"start":{"line":37,"column":5},"end":{"line":37,"column":48}},"25":{"start":{"line":38,"column":22},"end":{"line":41,"column":6}},"26":{"start":{"line":42,"column":19},"end":{"line":44,"column":7}},"27":{"start":{"line":45,"column":5},"end":{"line":49,"column":7}},"28":{"start":{"line":50,"column":5},"end":{"line":50,"column":61}},"29":{"start":{"line":54,"column":3},"end":{"line":54,"column":62}},"30":{"start":{"line":59,"column":13},"end":{"line":59,"column":21}},"31":{"start":{"line":60,"column":21},"end":{"line":63,"column":3}},"32":{"start":{"line":64,"column":2},"end":{"line":106,"column":3}},"33":{"start":{"line":65,"column":3},"end":{"line":103,"column":6}},"34":{"start":{"line":66,"column":4},"end":{"line":69,"column":5}},"35":{"start":{"line":67,"column":5},"end":{"line":67,"column":42}},"36":{"start":{"line":68,"column":5},"end":{"line":68,"column":73}},"37":{"start":{"line":70,"column":4},"end":{"line":102,"column":5}},"38":{"start":{"line":71,"column":5},"end":{"line":71,"column":46}},"39":{"start":{"line":72,"column":5},"end":{"line":72,"column":73}},"40":{"start":{"line":74,"column":5},"end":{"line":101,"column":8}},"41":{"start":{"line":75,"column":6},"end":{"line":78,"column":7}},"42":{"start":{"line":76,"column":7},"end":{"line":76,"column":44}},"43":{"start":{"line":77,"column":7},"end":{"line":77,"column":75}},"44":{"start":{"line":79,"column":6},"end":{"line":79,"column":26}},"45":{"start":{"line":80,"column":6},"end":{"line":100,"column":9}},"46":{"start":{"line":81,"column":7},"end":{"line":84,"column":8}},"47":{"start":{"line":82,"column":8},"end":{"line":82,"column":45}},"48":{"start":{"line":83,"column":8},"end":{"line":83,"column":76}},"49":{"start":{"line":85,"column":7},"end":{"line":85,"column":35}},"50":{"start":{"line":86,"column":7},"end":{"line":86,"column":50}},"51":{"start":{"line":87,"column":24},"end":{"line":90,"column":8}},"52":{"start":{"line":91,"column":21},"end":{"line":93,"column":9}},"53":{"start":{"line":94,"column":7},"end":{"line":98,"column":9}},"54":{"start":{"line":99,"column":7},"end":{"line":99,"column":63}},"55":{"start":{"line":105,"column":3},"end":{"line":105,"column":62}},"56":{"start":{"line":110,"column":13},"end":{"line":110,"column":21}},"57":{"start":{"line":111,"column":21},"end":{"line":114,"column":3}},"58":{"start":{"line":115,"column":2},"end":{"line":144,"column":3}},"59":{"start":{"line":116,"column":3},"end":{"line":141,"column":6}},"60":{"start":{"line":117,"column":4},"end":{"line":120,"column":5}},"61":{"start":{"line":118,"column":5},"end":{"line":118,"column":42}},"62":{"start":{"line":119,"column":5},"end":{"line":119,"column":73}},"63":{"start":{"line":121,"column":4},"end":{"line":121,"column":32}},"64":{"start":{"line":122,"column":4},"end":{"line":122,"column":59}},"65":{"start":{"line":123,"column":4},"end":{"line":139,"column":5}},"66":{"start":{"line":124,"column":5},"end":{"line":130,"column":6}},"67":{"start":{"line":132,"column":5},"end":{"line":138,"column":6}},"68":{"start":{"line":140,"column":4},"end":{"line":140,"column":60}},"69":{"start":{"line":143,"column":3},"end":{"line":143,"column":62}},"70":{"start":{"line":148,"column":13},"end":{"line":148,"column":21}},"71":{"start":{"line":149,"column":21},"end":{"line":152,"column":3}},"72":{"start":{"line":153,"column":2},"end":{"line":183,"column":3}},"73":{"start":{"line":154,"column":3},"end":{"line":180,"column":6}},"74":{"start":{"line":155,"column":4},"end":{"line":158,"column":5}},"75":{"start":{"line":156,"column":5},"end":{"line":156,"column":57}},"76":{"start":{"line":157,"column":5},"end":{"line":157,"column":73}},"77":{"start":{"line":159,"column":4},"end":{"line":179,"column":5}},"78":{"start":{"line":160,"column":5},"end":{"line":168,"column":8}},"79":{"start":{"line":161,"column":6},"end":{"line":164,"column":7}},"80":{"start":{"line":162,"column":7},"end":{"line":162,"column":59}},"81":{"start":{"line":163,"column":7},"end":{"line":163,"column":75}},"82":{"start":{"line":165,"column":6},"end":{"line":165,"column":34}},"83":{"start":{"line":166,"column":6},"end":{"line":166,"column":61}},"84":{"start":{"line":167,"column":6},"end":{"line":167,"column":62}},"85":{"start":{"line":170,"column":5},"end":{"line":178,"column":8}},"86":{"start":{"line":171,"column":6},"end":{"line":174,"column":7}},"87":{"start":{"line":172,"column":7},"end":{"line":172,"column":59}},"88":{"start":{"line":173,"column":7},"end":{"line":173,"column":75}},"89":{"start":{"line":175,"column":6},"end":{"line":175,"column":34}},"90":{"start":{"line":176,"column":6},"end":{"line":176,"column":61}},"91":{"start":{"line":177,"column":6},"end":{"line":177,"column":62}},"92":{"start":{"line":182,"column":3},"end":{"line":182,"column":62}}},"fnMap":{"0":{"name":"(anonymous_0)","decl":{"start":{"line":11,"column":8},"end":{"line":11,"column":9}},"loc":{"start":{"line":11,"column":28},"end":{"line":56,"column":2}},"line":11},"1":{"name":"(anonymous_1)","decl":{"start":{"line":18,"column":20},"end":{"line":18,"column":21}},"loc":{"start":{"line":18,"column":43},"end":{"line":52,"column":4}},"line":18},"2":{"name":"(anonymous_2)","decl":{"start":{"line":27,"column":54},"end":{"line":27,"column":55}},"loc":{"start":{"line":27,"column":78},"end":{"line":51,"column":5}},"line":27},"3":{"name":"(anonymous_3)","decl":{"start":{"line":58,"column":9},"end":{"line":58,"column":10}},"loc":{"start":{"line":58,"column":29},"end":{"line":107,"column":2}},"line":58},"4":{"name":"(anonymous_4)","decl":{"start":{"line":65,"column":35},"end":{"line":65,"column":36}},"loc":{"start":{"line":65,"column":56},"end":{"line":103,"column":4}},"line":65},"5":{"name":"(anonymous_5)","decl":{"start":{"line":74,"column":44},"end":{"line":74,"column":45}},"loc":{"start":{"line":74,"column":65},"end":{"line":101,"column":6}},"line":74},"6":{"name":"(anonymous_6)","decl":{"start":{"line":80,"column":24},"end":{"line":80,"column":25}},"loc":{"start":{"line":80,"column":40},"end":{"line":100,"column":7}},"line":80},"7":{"name":"(anonymous_7)","decl":{"start":{"line":109,"column":17},"end":{"line":109,"column":18}},"loc":{"start":{"line":109,"column":36},"end":{"line":145,"column":2}},"line":109},"8":{"name":"(anonymous_8)","decl":{"start":{"line":116,"column":29},"end":{"line":116,"column":30}},"loc":{"start":{"line":116,"column":50},"end":{"line":141,"column":4}},"line":116},"9":{"name":"(anonymous_9)","decl":{"start":{"line":147,"column":20},"end":{"line":147,"column":21}},"loc":{"start":{"line":147,"column":39},"end":{"line":184,"column":2}},"line":147},"10":{"name":"(anonymous_10)","decl":{"start":{"line":154,"column":29},"end":{"line":154,"column":30}},"loc":{"start":{"line":154,"column":50},"end":{"line":180,"column":4}},"line":154},"11":{"name":"(anonymous_11)","decl":{"start":{"line":160,"column":34},"end":{"line":160,"column":35}},"loc":{"start":{"line":160,"column":57},"end":{"line":168,"column":6}},"line":160},"12":{"name":"(anonymous_12)","decl":{"start":{"line":170,"column":31},"end":{"line":170,"column":32}},"loc":{"start":{"line":170,"column":54},"end":{"line":178,"column":6}},"line":170}},"branchMap":{"0":{"loc":{"start":{"line":17,"column":2},"end":{"line":55,"column":3}},"type":"if","locations":[{"start":{"line":17,"column":2},"end":{"line":55,"column":3}},{"start":{"line":53,"column":9},"end":{"line":55,"column":3}}],"line":17},"1":{"loc":{"start":{"line":17,"column":6},"end":{"line":17,"column":36}},"type":"binary-expr","locations":[{"start":{"line":17,"column":6},"end":{"line":17,"column":19}},{"start":{"line":17,"column":23},"end":{"line":17,"column":36}}],"line":17},"2":{"loc":{"start":{"line":19,"column":4},"end":{"line":22,"column":5}},"type":"if","locations":[{"start":{"line":19,"column":4},"end":{"line":22,"column":5}},{"start":{},"end":{}}],"line":19},"3":{"loc":{"start":{"line":23,"column":4},"end":{"line":26,"column":5}},"type":"if","locations":[{"start":{"line":23,"column":4},"end":{"line":26,"column":5}},{"start":{},"end":{}}],"line":23},"4":{"loc":{"start":{"line":28,"column":5},"end":{"line":31,"column":6}},"type":"if","locations":[{"start":{"line":28,"column":5},"end":{"line":31,"column":6}},{"start":{},"end":{}}],"line":28},"5":{"loc":{"start":{"line":32,"column":5},"end":{"line":35,"column":6}},"type":"if","locations":[{"start":{"line":32,"column":5},"end":{"line":35,"column":6}},{"start":{},"end":{}}],"line":32},"6":{"loc":{"start":{"line":64,"column":2},"end":{"line":106,"column":3}},"type":"if","locations":[{"start":{"line":64,"column":2},"end":{"line":106,"column":3}},{"start":{"line":104,"column":9},"end":{"line":106,"column":3}}],"line":64},"7":{"loc":{"start":{"line":64,"column":6},"end":{"line":64,"column":36}},"type":"binary-expr","locations":[{"start":{"line":64,"column":6},"end":{"line":64,"column":19}},{"start":{"line":64,"column":23},"end":{"line":64,"column":36}}],"line":64},"8":{"loc":{"start":{"line":66,"column":4},"end":{"line":69,"column":5}},"type":"if","locations":[{"start":{"line":66,"column":4},"end":{"line":69,"column":5}},{"start":{},"end":{}}],"line":66},"9":{"loc":{"start":{"line":70,"column":4},"end":{"line":102,"column":5}},"type":"if","locations":[{"start":{"line":70,"column":4},"end":{"line":102,"column":5}},{"start":{"line":73,"column":11},"end":{"line":102,"column":5}}],"line":70},"10":{"loc":{"start":{"line":75,"column":6},"end":{"line":78,"column":7}},"type":"if","locations":[{"start":{"line":75,"column":6},"end":{"line":78,"column":7}},{"start":{},"end":{}}],"line":75},"11":{"loc":{"start":{"line":81,"column":7},"end":{"line":84,"column":8}},"type":"if","locations":[{"start":{"line":81,"column":7},"end":{"line":84,"column":8}},{"start":{},"end":{}}],"line":81},"12":{"loc":{"start":{"line":115,"column":2},"end":{"line":144,"column":3}},"type":"if","locations":[{"start":{"line":115,"column":2},"end":{"line":144,"column":3}},{"start":{"line":142,"column":9},"end":{"line":144,"column":3}}],"line":115},"13":{"loc":{"start":{"line":117,"column":4},"end":{"line":120,"column":5}},"type":"if","locations":[{"start":{"line":117,"column":4},"end":{"line":120,"column":5}},{"start":{},"end":{}}],"line":117},"14":{"loc":{"start":{"line":123,"column":4},"end":{"line":139,"column":5}},"type":"if","locations":[{"start":{"line":123,"column":4},"end":{"line":139,"column":5}},{"start":{"line":131,"column":11},"end":{"line":139,"column":5}}],"line":123},"15":{"loc":{"start":{"line":153,"column":2},"end":{"line":183,"column":3}},"type":"if","locations":[{"start":{"line":153,"column":2},"end":{"line":183,"column":3}},{"start":{"line":181,"column":9},"end":{"line":183,"column":3}}],"line":153},"16":{"loc":{"start":{"line":155,"column":4},"end":{"line":158,"column":5}},"type":"if","locations":[{"start":{"line":155,"column":4},"end":{"line":158,"column":5}},{"start":{},"end":{}}],"line":155},"17":{"loc":{"start":{"line":159,"column":4},"end":{"line":179,"column":5}},"type":"if","locations":[{"start":{"line":159,"column":4},"end":{"line":179,"column":5}},{"start":{"line":169,"column":11},"end":{"line":179,"column":5}}],"line":159},"18":{"loc":{"start":{"line":159,"column":7},"end":{"line":159,"column":42}},"type":"binary-expr","locations":[{"start":{"line":159,"column":7},"end":{"line":159,"column":24}},{"start":{"line":159,"column":28},"end":{"line":159,"column":42}}],"line":159},"19":{"loc":{"start":{"line":161,"column":6},"end":{"line":164,"column":7}},"type":"if","locations":[{"start":{"line":161,"column":6},"end":{"line":164,"column":7}},{"start":{},"end":{}}],"line":161},"20":{"loc":{"start":{"line":171,"column":6},"end":{"line":174,"column":7}},"type":"if","locations":[{"start":{"line":171,"column":6},"end":{"line":174,"column":7}},{"start":{},"end":{}}],"line":171}},"s":{"0":2,"1":2,"2":2,"3":2,"4":2,"5":2,"6":1,"7":1,"8":1,"9":1,"10":1,"11":0,"12":0,"13":1,"14":0,"15":0,"16":1,"17":1,"18":0,"19":0,"20":1,"21":1,"22":1,"23":0,"24":0,"25":0,"26":0,"27":0,"28":0,"29":0,"30":1,"31":1,"32":1,"33":1,"34":1,"35":0,"36":0,"37":1,"38":1,"39":1,"40":0,"41":0,"42":0,"43":0,"44":0,"45":0,"46":0,"47":0,"48":0,"49":0,"50":0,"51":0,"52":0,"53":0,"54":0,"55":0,"56":0,"57":0,"58":0,"59":0,"60":0,"61":0,"62":0,"63":0,"64":0,"65":0,"66":0,"67":0,"68":0,"69":0,"70":0,"71":0,"72":0,"73":0,"74":0,"75":0,"76":0,"77":0,"78":0,"79":0,"80":0,"81":0,"82":0,"83":0,"84":0,"85":0,"86":0,"87":0,"88":0,"89":0,"90":0,"91":0,"92":0},"f":{"0":1,"1":1,"2":1,"3":1,"4":1,"5":0,"6":0,"7":0,"8":0,"9":0,"10":0,"11":0,"12":0},"b":{"0":[1,0],"1":[1,1],"2":[0,1],"3":[0,1],"4":[0,1],"5":[1,0],"6":[1,0],"7":[1,1],"8":[0,1],"9":[1,0],"10":[0,0],"11":[0,0],"12":[0,0],"13":[0,0],"14":[0,0],"15":[0,0],"16":[0,0],"17":[0,0],"18":[0,0],"19":[0,0],"20":[0,0]},"_coverageSchema":"1a1c01bbd47fc00a2c39e90264f33305004495a9","hash":"5e03cb3189638e7b3a4f550e4c532f3113f63eb9"}
,"D:\\Relevel_Code\\Week_10\\ecommerce-backend-master\\src\\middlewares\\auth.js": {"path":"D:\\Relevel_Code\\Week_10\\ecommerce-backend-master\\src\\middlewares\\auth.js","statementMap":{"0":{"start":{"line":1,"column":12},"end":{"line":1,"column":35}},"1":{"start":{"line":4,"column":4},"end":{"line":4,"column":41}},"2":{"start":{"line":6,"column":0},"end":{"line":23,"column":2}},"3":{"start":{"line":7,"column":15},"end":{"line":7,"column":29}},"4":{"start":{"line":8,"column":22},"end":{"line":11,"column":2}},"5":{"start":{"line":12,"column":1},"end":{"line":14,"column":2}},"6":{"start":{"line":13,"column":2},"end":{"line":13,"column":63}},"7":{"start":{"line":15,"column":1},"end":{"line":22,"column":2}},"8":{"start":{"line":16,"column":22},"end":{"line":16,"column":50}},"9":{"start":{"line":17,"column":2},"end":{"line":17,"column":29}},"10":{"start":{"line":18,"column":2},"end":{"line":18,"column":9}},"11":{"start":{"line":20,"column":2},"end":{"line":20,"column":37}},"12":{"start":{"line":21,"column":2},"end":{"line":21,"column":63}}},"fnMap":{"0":{"name":"(anonymous_0)","decl":{"start":{"line":6,"column":17},"end":{"line":6,"column":18}},"loc":{"start":{"line":6,"column":37},"end":{"line":23,"column":1}},"line":6}},"branchMap":{"0":{"loc":{"start":{"line":12,"column":1},"end":{"line":14,"column":2}},"type":"if","locations":[{"start":{"line":12,"column":1},"end":{"line":14,"column":2}},{"start":{},"end":{}}],"line":12}},"s":{"0":2,"1":2,"2":2,"3":5,"4":5,"5":5,"6":5,"7":0,"8":0,"9":0,"10":0,"11":0,"12":0},"f":{"0":5},"b":{"0":[5,0]},"_coverageSchema":"1a1c01bbd47fc00a2c39e90264f33305004495a9","hash":"dd93342097afebf898d96ecec7cdcb7c9c037297"}
,"D:\\Relevel_Code\\Week_10\\ecommerce-backend-master\\src\\models\\category.js": {"path":"D:\\Relevel_Code\\Week_10\\ecommerce-backend-master\\src\\models\\category.js","statementMap":{"0":{"start":{"line":1,"column":22},"end":{"line":1,"column":58}},"1":{"start":{"line":3,"column":0},"end":{"line":11,"column":2}},"2":{"start":{"line":5,"column":12},"end":{"line":5,"column":67}},"3":{"start":{"line":6,"column":15},"end":{"line":6,"column":17}},"4":{"start":{"line":7,"column":2},"end":{"line":9,"column":5}},"5":{"start":{"line":8,"column":3},"end":{"line":8,"column":25}}},"fnMap":{"0":{"name":"(anonymous_0)","decl":{"start":{"line":4,"column":17},"end":{"line":4,"column":18}},"loc":{"start":{"line":4,"column":36},"end":{"line":10,"column":2}},"line":4},"1":{"name":"(anonymous_1)","decl":{"start":{"line":7,"column":42},"end":{"line":7,"column":43}},"loc":{"start":{"line":7,"column":64},"end":{"line":9,"column":3}},"line":7}},"branchMap":{},"s":{"0":3,"1":3,"2":0,"3":0,"4":0,"5":0},"f":{"0":0,"1":0},"b":{},"_coverageSchema":"1a1c01bbd47fc00a2c39e90264f33305004495a9","hash":"02eaa3747c5d15c2e921666a34cd64e08eb21c5c"}
,"D:\\Relevel_Code\\Week_10\\ecommerce-backend-master\\src\\models\\orderDetail.js": {"path":"D:\\Relevel_Code\\Week_10\\ecommerce-backend-master\\src\\models\\orderDetail.js","statementMap":{"0":{"start":{"line":1,"column":22},"end":{"line":1,"column":58}},"1":{"start":{"line":3,"column":0},"end":{"line":49,"column":2}},"2":{"start":{"line":5,"column":12},"end":{"line":5,"column":102}},"3":{"start":{"line":6,"column":15},"end":{"line":6,"column":17}},"4":{"start":{"line":7,"column":8},"end":{"line":7,"column":33}},"5":{"start":{"line":8,"column":2},"end":{"line":10,"column":5}},"6":{"start":{"line":9,"column":3},"end":{"line":9,"column":25}},"7":{"start":{"line":14,"column":12},"end":{"line":14,"column":120}},"8":{"start":{"line":15,"column":15},"end":{"line":15,"column":17}},"9":{"start":{"line":16,"column":2},"end":{"line":16,"column":26}},"10":{"start":{"line":17,"column":2},"end":{"line":17,"column":27}},"11":{"start":{"line":18,"column":2},"end":{"line":20,"column":5}},"12":{"start":{"line":19,"column":3},"end":{"line":19,"column":25}},"13":{"start":{"line":24,"column":12},"end":{"line":24,"column":96}},"14":{"start":{"line":25,"column":15},"end":{"line":25,"column":17}},"15":{"start":{"line":26,"column":2},"end":{"line":32,"column":3}},"16":{"start":{"line":27,"column":3},"end":{"line":27,"column":82}},"17":{"start":{"line":28,"column":3},"end":{"line":28,"column":18}},"18":{"start":{"line":30,"column":3},"end":{"line":30,"column":27}},"19":{"start":{"line":31,"column":3},"end":{"line":31,"column":18}},"20":{"start":{"line":33,"column":2},"end":{"line":33,"column":28}},"21":{"start":{"line":34,"column":2},"end":{"line":36,"column":5}},"22":{"start":{"line":35,"column":3},"end":{"line":35,"column":25}},"23":{"start":{"line":40,"column":12},"end":{"line":42,"column":97}},"24":{"start":{"line":43,"column":15},"end":{"line":43,"column":17}},"25":{"start":{"line":44,"column":8},"end":{"line":44,"column":33}},"26":{"start":{"line":45,"column":2},"end":{"line":47,"column":5}},"27":{"start":{"line":46,"column":3},"end":{"line":46,"column":25}}},"fnMap":{"0":{"name":"(anonymous_0)","decl":{"start":{"line":4,"column":18},"end":{"line":4,"column":19}},"loc":{"start":{"line":4,"column":43},"end":{"line":11,"column":2}},"line":4},"1":{"name":"(anonymous_1)","decl":{"start":{"line":8,"column":42},"end":{"line":8,"column":43}},"loc":{"start":{"line":8,"column":64},"end":{"line":10,"column":3}},"line":8},"2":{"name":"(anonymous_2)","decl":{"start":{"line":13,"column":11},"end":{"line":13,"column":12}},"loc":{"start":{"line":13,"column":36},"end":{"line":21,"column":2}},"line":13},"3":{"name":"(anonymous_3)","decl":{"start":{"line":18,"column":42},"end":{"line":18,"column":43}},"loc":{"start":{"line":18,"column":64},"end":{"line":20,"column":3}},"line":18},"4":{"name":"(anonymous_4)","decl":{"start":{"line":23,"column":12},"end":{"line":23,"column":13}},"loc":{"start":{"line":23,"column":37},"end":{"line":37,"column":2}},"line":23},"5":{"name":"(anonymous_5)","decl":{"start":{"line":34,"column":42},"end":{"line":34,"column":43}},"loc":{"start":{"line":34,"column":64},"end":{"line":36,"column":3}},"line":34},"6":{"name":"(anonymous_6)","decl":{"start":{"line":39,"column":18},"end":{"line":39,"column":19}},"loc":{"start":{"line":39,"column":43},"end":{"line":48,"column":2}},"line":39},"7":{"name":"(anonymous_7)","decl":{"start":{"line":45,"column":42},"end":{"line":45,"column":43}},"loc":{"start":{"line":45,"column":64},"end":{"line":47,"column":3}},"line":45}},"branchMap":{"0":{"loc":{"start":{"line":26,"column":2},"end":{"line":32,"column":3}},"type":"if","locations":[{"start":{"line":26,"column":2},"end":{"line":32,"column":3}},{"start":{"line":29,"column":9},"end":{"line":32,"column":3}}],"line":26}},"s":{"0":3,"1":3,"2":0,"3":0,"4":0,"5":0,"6":0,"7":0,"8":0,"9":0,"10":0,"11":0,"12":0,"13":0,"14":0,"15":0,"16":0,"17":0,"18":0,"19":0,"20":0,"21":0,"22":0,"23":0,"24":0,"25":0,"26":0,"27":0},"f":{"0":0,"1":0,"2":0,"3":0,"4":0,"5":0,"6":0,"7":0},"b":{"0":[0,0]},"_coverageSchema":"1a1c01bbd47fc00a2c39e90264f33305004495a9","hash":"8709e444ba45cc21e849d649a46da2face676e00"}
,"D:\\Relevel_Code\\Week_10\\ecommerce-backend-master\\src\\models\\orderItem.js": {"path":"D:\\Relevel_Code\\Week_10\\ecommerce-backend-master\\src\\models\\orderItem.js","statementMap":{"0":{"start":{"line":1,"column":22},"end":{"line":1,"column":58}},"1":{"start":{"line":3,"column":0},"end":{"line":35,"column":2}},"2":{"start":{"line":5,"column":12},"end":{"line":5,"column":120}},"3":{"start":{"line":6,"column":15},"end":{"line":6,"column":17}},"4":{"start":{"line":7,"column":2},"end":{"line":7,"column":28}},"5":{"start":{"line":8,"column":2},"end":{"line":8,"column":30}},"6":{"start":{"line":9,"column":8},"end":{"line":9,"column":35}},"7":{"start":{"line":10,"column":2},"end":{"line":12,"column":5}},"8":{"start":{"line":11,"column":3},"end":{"line":11,"column":25}},"9":{"start":{"line":16,"column":12},"end":{"line":16,"column":103}},"10":{"start":{"line":17,"column":15},"end":{"line":17,"column":17}},"11":{"start":{"line":18,"column":8},"end":{"line":18,"column":35}},"12":{"start":{"line":19,"column":8},"end":{"line":19,"column":34}},"13":{"start":{"line":20,"column":2},"end":{"line":20,"column":30}},"14":{"start":{"line":21,"column":2},"end":{"line":23,"column":5}},"15":{"start":{"line":22,"column":3},"end":{"line":22,"column":25}},"16":{"start":{"line":27,"column":12},"end":{"line":27,"column":72}},"17":{"start":{"line":28,"column":15},"end":{"line":28,"column":17}},"18":{"start":{"line":29,"column":2},"end":{"line":29,"column":28}},"19":{"start":{"line":30,"column":2},"end":{"line":30,"column":30}},"20":{"start":{"line":31,"column":2},"end":{"line":33,"column":5}},"21":{"start":{"line":32,"column":3},"end":{"line":32,"column":25}}},"fnMap":{"0":{"name":"(anonymous_0)","decl":{"start":{"line":4,"column":15},"end":{"line":4,"column":16}},"loc":{"start":{"line":4,"column":40},"end":{"line":13,"column":2}},"line":4},"1":{"name":"(anonymous_1)","decl":{"start":{"line":10,"column":42},"end":{"line":10,"column":43}},"loc":{"start":{"line":10,"column":64},"end":{"line":12,"column":3}},"line":10},"2":{"name":"(anonymous_2)","decl":{"start":{"line":15,"column":16},"end":{"line":15,"column":17}},"loc":{"start":{"line":15,"column":41},"end":{"line":24,"column":2}},"line":15},"3":{"name":"(anonymous_3)","decl":{"start":{"line":21,"column":42},"end":{"line":21,"column":43}},"loc":{"start":{"line":21,"column":64},"end":{"line":23,"column":3}},"line":21},"4":{"name":"(anonymous_4)","decl":{"start":{"line":26,"column":18},"end":{"line":26,"column":19}},"loc":{"start":{"line":26,"column":43},"end":{"line":34,"column":2}},"line":26},"5":{"name":"(anonymous_5)","decl":{"start":{"line":31,"column":42},"end":{"line":31,"column":43}},"loc":{"start":{"line":31,"column":64},"end":{"line":33,"column":3}},"line":31}},"branchMap":{},"s":{"0":3,"1":3,"2":0,"3":0,"4":0,"5":0,"6":0,"7":0,"8":0,"9":0,"10":0,"11":0,"12":0,"13":0,"14":0,"15":0,"16":0,"17":0,"18":0,"19":0,"20":0,"21":0},"f":{"0":0,"1":0,"2":0,"3":0,"4":0,"5":0},"b":{},"_coverageSchema":"1a1c01bbd47fc00a2c39e90264f33305004495a9","hash":"d961eb4a999b01b305efbf1a7c19c5623779f5bc"}
,"D:\\Relevel_Code\\Week_10\\ecommerce-backend-master\\src\\models\\product.js": {"path":"D:\\Relevel_Code\\Week_10\\ecommerce-backend-master\\src\\models\\product.js","statementMap":{"0":{"start":{"line":1,"column":22},"end":{"line":1,"column":58}},"1":{"start":{"line":3,"column":0},"end":{"line":66,"column":2}},"2":{"start":{"line":5,"column":12},"end":{"line":5,"column":80}},"3":{"start":{"line":6,"column":15},"end":{"line":6,"column":17}},"4":{"start":{"line":7,"column":2},"end":{"line":34,"column":3}},"5":{"start":{"line":8,"column":3},"end":{"line":8,"column":33}},"6":{"start":{"line":9,"column":3},"end":{"line":9,"column":32}},"7":{"start":{"line":10,"column":3},"end":{"line":12,"column":4}},"8":{"start":{"line":11,"column":4},"end":{"line":11,"column":53}},"9":{"start":{"line":13,"column":3},"end":{"line":15,"column":4}},"10":{"start":{"line":14,"column":4},"end":{"line":14,"column":58}},"11":{"start":{"line":16,"column":3},"end":{"line":18,"column":4}},"12":{"start":{"line":17,"column":4},"end":{"line":17,"column":58}},"13":{"start":{"line":19,"column":9},"end":{"line":34,"column":3}},"14":{"start":{"line":20,"column":3},"end":{"line":20,"column":54}},"15":{"start":{"line":21,"column":3},"end":{"line":23,"column":4}},"16":{"start":{"line":22,"column":4},"end":{"line":22,"column":58}},"17":{"start":{"line":24,"column":3},"end":{"line":26,"column":4}},"18":{"start":{"line":25,"column":4},"end":{"line":25,"column":58}},"19":{"start":{"line":27,"column":9},"end":{"line":34,"column":3}},"20":{"start":{"line":28,"column":3},"end":{"line":28,"column":59}},"21":{"start":{"line":29,"column":3},"end":{"line":31,"column":4}},"22":{"start":{"line":30,"column":4},"end":{"line":30,"column":58}},"23":{"start":{"line":32,"column":9},"end":{"line":34,"column":3}},"24":{"start":{"line":33,"column":3},"end":{"line":33,"column":59}},"25":{"start":{"line":36,"column":2},"end":{"line":38,"column":5}},"26":{"start":{"line":37,"column":3},"end":{"line":37,"column":25}},"27":{"start":{"line":42,"column":12},"end":{"line":43,"column":43}},"28":{"start":{"line":44,"column":15},"end":{"line":44,"column":17}},"29":{"start":{"line":45,"column":2},"end":{"line":45,"column":25}},"30":{"start":{"line":46,"column":2},"end":{"line":46,"column":26}},"31":{"start":{"line":47,"column":2},"end":{"line":47,"column":32}},"32":{"start":{"line":48,"column":2},"end":{"line":48,"column":31}},"33":{"start":{"line":49,"column":2},"end":{"line":49,"column":29}},"34":{"start":{"line":50,"column":2},"end":{"line":52,"column":5}},"35":{"start":{"line":51,"column":3},"end":{"line":51,"column":25}},"36":{"start":{"line":56,"column":12},"end":{"line":58,"column":118}},"37":{"start":{"line":59,"column":15},"end":{"line":59,"column":17}},"38":{"start":{"line":60,"column":2},"end":{"line":60,"column":27}},"39":{"start":{"line":61,"column":8},"end":{"line":61,"column":36}},"40":{"start":{"line":62,"column":2},"end":{"line":64,"column":5}},"41":{"start":{"line":63,"column":3},"end":{"line":63,"column":25}}},"fnMap":{"0":{"name":"(anonymous_0)","decl":{"start":{"line":4,"column":15},"end":{"line":4,"column":16}},"loc":{"start":{"line":4,"column":40},"end":{"line":39,"column":2}},"line":4},"1":{"name":"(anonymous_1)","decl":{"start":{"line":36,"column":42},"end":{"line":36,"column":43}},"loc":{"start":{"line":36,"column":64},"end":{"line":38,"column":3}},"line":36},"2":{"name":"(anonymous_2)","decl":{"start":{"line":41,"column":13},"end":{"line":41,"column":14}},"loc":{"start":{"line":41,"column":38},"end":{"line":53,"column":2}},"line":41},"3":{"name":"(anonymous_3)","decl":{"start":{"line":50,"column":42},"end":{"line":50,"column":43}},"loc":{"start":{"line":50,"column":64},"end":{"line":52,"column":3}},"line":50},"4":{"name":"(anonymous_4)","decl":{"start":{"line":55,"column":20},"end":{"line":55,"column":21}},"loc":{"start":{"line":55,"column":45},"end":{"line":65,"column":2}},"line":55},"5":{"name":"(anonymous_5)","decl":{"start":{"line":62,"column":42},"end":{"line":62,"column":43}},"loc":{"start":{"line":62,"column":64},"end":{"line":64,"column":3}},"line":62}},"branchMap":{"0":{"loc":{"start":{"line":7,"column":2},"end":{"line":34,"column":3}},"type":"if","locations":[{"start":{"line":7,"column":2},"end":{"line":34,"column":3}},{"start":{"line":19,"column":9},"end":{"line":34,"column":3}}],"line":7},"1":{"loc":{"start":{"line":10,"column":3},"end":{"line":12,"column":4}},"type":"if","locations":[{"start":{"line":10,"column":3},"end":{"line":12,"column":4}},{"start":{},"end":{}}],"line":10},"2":{"loc":{"start":{"line":13,"column":3},"end":{"line":15,"column":4}},"type":"if","locations":[{"start":{"line":13,"column":3},"end":{"line":15,"column":4}},{"start":{},"end":{}}],"line":13},"3":{"loc":{"start":{"line":16,"column":3},"end":{"line":18,"column":4}},"type":"if","locations":[{"start":{"line":16,"column":3},"end":{"line":18,"column":4}},{"start":{},"end":{}}],"line":16},"4":{"loc":{"start":{"line":16,"column":6},"end":{"line":16,"column":54}},"type":"binary-expr","locations":[{"start":{"line":16,"column":6},"end":{"line":16,"column":19}},{"start":{"line":16,"column":23},"end":{"line":16,"column":54}}],"line":16},"5":{"loc":{"start":{"line":19,"column":9},"end":{"line":34,"column":3}},"type":"if","locations":[{"start":{"line":19,"column":9},"end":{"line":34,"column":3}},{"start":{"line":27,"column":9},"end":{"line":34,"column":3}}],"line":19},"6":{"loc":{"start":{"line":21,"column":3},"end":{"line":23,"column":4}},"type":"if","locations":[{"start":{"line":21,"column":3},"end":{"line":23,"column":4}},{"start":{},"end":{}}],"line":21},"7":{"loc":{"start":{"line":24,"column":3},"end":{"line":26,"column":4}},"type":"if","locations":[{"start":{"line":24,"column":3},"end":{"line":26,"column":4}},{"start":{},"end":{}}],"line":24},"8":{"loc":{"start":{"line":24,"column":6},"end":{"line":24,"column":54}},"type":"binary-expr","locations":[{"start":{"line":24,"column":6},"end":{"line":24,"column":19}},{"start":{"line":24,"column":23},"end":{"line":24,"column":54}}],"line":24},"9":{"loc":{"start":{"line":27,"column":9},"end":{"line":34,"column":3}},"type":"if","locations":[{"start":{"line":27,"column":9},"end":{"line":34,"column":3}},{"start":{"line":32,"column":9},"end":{"line":34,"column":3}}],"line":27},"10":{"loc":{"start":{"line":29,"column":3},"end":{"line":31,"column":4}},"type":"if","locations":[{"start":{"line":29,"column":3},"end":{"line":31,"column":4}},{"start":{},"end":{}}],"line":29},"11":{"loc":{"start":{"line":29,"column":6},"end":{"line":29,"column":54}},"type":"binary-expr","locations":[{"start":{"line":29,"column":6},"end":{"line":29,"column":19}},{"start":{"line":29,"column":23},"end":{"line":29,"column":54}}],"line":29},"12":{"loc":{"start":{"line":32,"column":9},"end":{"line":34,"column":3}},"type":"if","locations":[{"start":{"line":32,"column":9},"end":{"line":34,"column":3}},{"start":{},"end":{}}],"line":32},"13":{"loc":{"start":{"line":32,"column":12},"end":{"line":32,"column":60}},"type":"binary-expr","locations":[{"start":{"line":32,"column":12},"end":{"line":32,"column":25}},{"start":{"line":32,"column":29},"end":{"line":32,"column":60}}],"line":32}},"s":{"0":4,"1":4,"2":0,"3":0,"4":0,"5":0,"6":0,"7":0,"8":0,"9":0,"10":0,"11":0,"12":0,"13":0,"14":0,"15":0,"16":0,"17":0,"18":0,"19":0,"20":0,"21":0,"22":0,"23":0,"24":0,"25":0,"26":0,"27":0,"28":0,"29":0,"30":0,"31":0,"32":0,"33":0,"34":0,"35":0,"36":0,"37":0,"38":0,"39":0,"40":0,"41":0},"f":{"0":0,"1":0,"2":0,"3":0,"4":0,"5":0},"b":{"0":[0,0],"1":[0,0],"2":[0,0],"3":[0,0],"4":[0,0],"5":[0,0],"6":[0,0],"7":[0,0],"8":[0,0],"9":[0,0],"10":[0,0],"11":[0,0],"12":[0,0],"13":[0,0]},"_coverageSchema":"1a1c01bbd47fc00a2c39e90264f33305004495a9","hash":"79efd61df3381791ea577d4ed19075ab62028e9f"}
,"D:\\Relevel_Code\\Week_10\\ecommerce-backend-master\\src\\models\\user.js": {"path":"D:\\Relevel_Code\\Week_10\\ecommerce-backend-master\\src\\models\\user.js","statementMap":{"0":{"start":{"line":1,"column":22},"end":{"line":1,"column":58}},"1":{"start":{"line":4,"column":4},"end":{"line":4,"column":41}},"2":{"start":{"line":6,"column":0},"end":{"line":103,"column":2}},"3":{"start":{"line":8,"column":12},"end":{"line":8,"column":105}},"4":{"start":{"line":9,"column":15},"end":{"line":9,"column":17}},"5":{"start":{"line":10,"column":2},"end":{"line":10,"column":29}},"6":{"start":{"line":11,"column":2},"end":{"line":13,"column":5}},"7":{"start":{"line":12,"column":3},"end":{"line":12,"column":25}},"8":{"start":{"line":17,"column":12},"end":{"line":17,"column":102}},"9":{"start":{"line":18,"column":15},"end":{"line":18,"column":17}},"10":{"start":{"line":19,"column":2},"end":{"line":19,"column":29}},"11":{"start":{"line":20,"column":2},"end":{"line":20,"column":28}},"12":{"start":{"line":21,"column":2},"end":{"line":23,"column":5}},"13":{"start":{"line":22,"column":3},"end":{"line":22,"column":25}},"14":{"start":{"line":27,"column":12},"end":{"line":27,"column":52}},"15":{"start":{"line":28,"column":15},"end":{"line":28,"column":17}},"16":{"start":{"line":29,"column":2},"end":{"line":29,"column":29}},"17":{"start":{"line":30,"column":2},"end":{"line":32,"column":5}},"18":{"start":{"line":31,"column":3},"end":{"line":31,"column":25}},"19":{"start":{"line":36,"column":12},"end":{"line":36,"column":113}},"20":{"start":{"line":37,"column":15},"end":{"line":37,"column":17}},"21":{"start":{"line":38,"column":2},"end":{"line":38,"column":26}},"22":{"start":{"line":39,"column":2},"end":{"line":39,"column":24}},"23":{"start":{"line":40,"column":2},"end":{"line":40,"column":29}},"24":{"start":{"line":41,"column":2},"end":{"line":43,"column":5}},"25":{"start":{"line":42,"column":3},"end":{"line":42,"column":25}},"26":{"start":{"line":47,"column":12},"end":{"line":48,"column":69}},"27":{"start":{"line":49,"column":15},"end":{"line":49,"column":17}},"28":{"start":{"line":50,"column":2},"end":{"line":50,"column":27}},"29":{"start":{"line":51,"column":2},"end":{"line":53,"column":5}},"30":{"start":{"line":52,"column":3},"end":{"line":52,"column":25}},"31":{"start":{"line":57,"column":12},"end":{"line":59,"column":106}},"32":{"start":{"line":60,"column":15},"end":{"line":60,"column":17}},"33":{"start":{"line":61,"column":8},"end":{"line":61,"column":33}},"34":{"start":{"line":62,"column":2},"end":{"line":64,"column":5}},"35":{"start":{"line":63,"column":3},"end":{"line":63,"column":25}},"36":{"start":{"line":68,"column":12},"end":{"line":69,"column":101}},"37":{"start":{"line":70,"column":15},"end":{"line":70,"column":17}},"38":{"start":{"line":71,"column":2},"end":{"line":71,"column":27}},"39":{"start":{"line":72,"column":2},"end":{"line":74,"column":5}},"40":{"start":{"line":73,"column":3},"end":{"line":73,"column":25}},"41":{"start":{"line":78,"column":12},"end":{"line":79,"column":22}},"42":{"start":{"line":80,"column":15},"end":{"line":80,"column":17}},"43":{"start":{"line":81,"column":2},"end":{"line":81,"column":25}},"44":{"start":{"line":82,"column":2},"end":{"line":82,"column":26}},"45":{"start":{"line":83,"column":2},"end":{"line":83,"column":26}},"46":{"start":{"line":84,"column":2},"end":{"line":84,"column":28}},"47":{"start":{"line":85,"column":2},"end":{"line":85,"column":27}},"48":{"start":{"line":86,"column":2},"end":{"line":88,"column":5}},"49":{"start":{"line":87,"column":3},"end":{"line":87,"column":25}},"50":{"start":{"line":92,"column":12},"end":{"line":92,"column":116}},"51":{"start":{"line":93,"column":15},"end":{"line":93,"column":17}},"52":{"start":{"line":94,"column":2},"end":{"line":94,"column":25}},"53":{"start":{"line":95,"column":2},"end":{"line":95,"column":26}},"54":{"start":{"line":96,"column":2},"end":{"line":96,"column":26}},"55":{"start":{"line":97,"column":2},"end":{"line":97,"column":28}},"56":{"start":{"line":98,"column":2},"end":{"line":98,"column":27}},"57":{"start":{"line":99,"column":2},"end":{"line":101,"column":5}},"58":{"start":{"line":100,"column":3},"end":{"line":100,"column":25}}},"fnMap":{"0":{"name":"(anonymous_0)","decl":{"start":{"line":7,"column":8},"end":{"line":7,"column":9}},"loc":{"start":{"line":7,"column":33},"end":{"line":14,"column":2}},"line":7},"1":{"name":"(anonymous_1)","decl":{"start":{"line":11,"column":42},"end":{"line":11,"column":43}},"loc":{"start":{"line":11,"column":64},"end":{"line":13,"column":3}},"line":11},"2":{"name":"(anonymous_2)","decl":{"start":{"line":16,"column":9},"end":{"line":16,"column":10}},"loc":{"start":{"line":16,"column":34},"end":{"line":24,"column":2}},"line":16},"3":{"name":"(anonymous_3)","decl":{"start":{"line":21,"column":42},"end":{"line":21,"column":43}},"loc":{"start":{"line":21,"column":64},"end":{"line":23,"column":3}},"line":21},"4":{"name":"(anonymous_4)","decl":{"start":{"line":26,"column":23},"end":{"line":26,"column":24}},"loc":{"start":{"line":26,"column":48},"end":{"line":33,"column":2}},"line":26},"5":{"name":"(anonymous_5)","decl":{"start":{"line":30,"column":42},"end":{"line":30,"column":43}},"loc":{"start":{"line":30,"column":64},"end":{"line":32,"column":3}},"line":30},"6":{"name":"(anonymous_6)","decl":{"start":{"line":35,"column":19},"end":{"line":35,"column":20}},"loc":{"start":{"line":35,"column":44},"end":{"line":44,"column":2}},"line":35},"7":{"name":"(anonymous_7)","decl":{"start":{"line":41,"column":42},"end":{"line":41,"column":43}},"loc":{"start":{"line":41,"column":64},"end":{"line":43,"column":3}},"line":41},"8":{"name":"(anonymous_8)","decl":{"start":{"line":46,"column":19},"end":{"line":46,"column":20}},"loc":{"start":{"line":46,"column":44},"end":{"line":54,"column":2}},"line":46},"9":{"name":"(anonymous_9)","decl":{"start":{"line":51,"column":42},"end":{"line":51,"column":43}},"loc":{"start":{"line":51,"column":64},"end":{"line":53,"column":3}},"line":51},"10":{"name":"(anonymous_10)","decl":{"start":{"line":56,"column":20},"end":{"line":56,"column":21}},"loc":{"start":{"line":56,"column":45},"end":{"line":65,"column":2}},"line":56},"11":{"name":"(anonymous_11)","decl":{"start":{"line":62,"column":42},"end":{"line":62,"column":43}},"loc":{"start":{"line":62,"column":64},"end":{"line":64,"column":3}},"line":62},"12":{"name":"(anonymous_12)","decl":{"start":{"line":67,"column":17},"end":{"line":67,"column":18}},"loc":{"start":{"line":67,"column":42},"end":{"line":75,"column":2}},"line":67},"13":{"name":"(anonymous_13)","decl":{"start":{"line":72,"column":42},"end":{"line":72,"column":43}},"loc":{"start":{"line":72,"column":64},"end":{"line":74,"column":3}},"line":72},"14":{"name":"(anonymous_14)","decl":{"start":{"line":77,"column":17},"end":{"line":77,"column":18}},"loc":{"start":{"line":77,"column":42},"end":{"line":89,"column":2}},"line":77},"15":{"name":"(anonymous_15)","decl":{"start":{"line":86,"column":42},"end":{"line":86,"column":43}},"loc":{"start":{"line":86,"column":64},"end":{"line":88,"column":3}},"line":86},"16":{"name":"(anonymous_16)","decl":{"start":{"line":91,"column":20},"end":{"line":91,"column":21}},"loc":{"start":{"line":91,"column":45},"end":{"line":102,"column":2}},"line":91},"17":{"name":"(anonymous_17)","decl":{"start":{"line":99,"column":42},"end":{"line":99,"column":43}},"loc":{"start":{"line":99,"column":64},"end":{"line":101,"column":3}},"line":99}},"branchMap":{},"s":{"0":2,"1":2,"2":2,"3":1,"4":1,"5":1,"6":1,"7":1,"8":0,"9":0,"10":0,"11":0,"12":0,"13":0,"14":1,"15":1,"16":1,"17":1,"18":1,"19":0,"20":0,"21":0,"22":0,"23":0,"24":0,"25":0,"26":0,"27":0,"28":0,"29":0,"30":0,"31":0,"32":0,"33":0,"34":0,"35":0,"36":0,"37":0,"38":0,"39":0,"40":0,"41":0,"42":0,"43":0,"44":0,"45":0,"46":0,"47":0,"48":0,"49":0,"50":0,"51":0,"52":0,"53":0,"54":0,"55":0,"56":0,"57":0,"58":0},"f":{"0":1,"1":1,"2":0,"3":0,"4":1,"5":1,"6":0,"7":0,"8":0,"9":0,"10":0,"11":0,"12":0,"13":0,"14":0,"15":0,"16":0,"17":0},"b":{},"_coverageSchema":"1a1c01bbd47fc00a2c39e90264f33305004495a9","hash":"0b3193cbb14d60b23a2d67ae5b98a5346e78dda9"}
,"D:\\Relevel_Code\\Week_10\\ecommerce-backend-master\\src\\services\\sqlConnection.js": {"path":"D:\\Relevel_Code\\Week_10\\ecommerce-backend-master\\src\\services\\sqlConnection.js","statementMap":{"0":{"start":{"line":1,"column":14},"end":{"line":1,"column":30}},"1":{"start":{"line":2,"column":15},"end":{"line":2,"column":52}},"2":{"start":{"line":3,"column":11},"end":{"line":3,"column":46}},"3":{"start":{"line":5,"column":0},"end":{"line":18,"column":2}},"4":{"start":{"line":7,"column":2},"end":{"line":16,"column":5}},"5":{"start":{"line":8,"column":3},"end":{"line":15,"column":4}},"6":{"start":{"line":9,"column":4},"end":{"line":9,"column":18}},"7":{"start":{"line":11,"column":4},"end":{"line":14,"column":7}},"8":{"start":{"line":12,"column":5},"end":{"line":12,"column":26}},"9":{"start":{"line":13,"column":5},"end":{"line":13,"column":29}}},"fnMap":{"0":{"name":"(anonymous_0)","decl":{"start":{"line":6,"column":15},"end":{"line":6,"column":16}},"loc":{"start":{"line":6,"column":46},"end":{"line":17,"column":2}},"line":6},"1":{"name":"(anonymous_1)","decl":{"start":{"line":7,"column":21},"end":{"line":7,"column":22}},"loc":{"start":{"line":7,"column":48},"end":{"line":16,"column":3}},"line":7},"2":{"name":"(anonymous_2)","decl":{"start":{"line":11,"column":32},"end":{"line":11,"column":33}},"loc":{"start":{"line":11,"column":57},"end":{"line":14,"column":5}},"line":11}},"branchMap":{"0":{"loc":{"start":{"line":8,"column":3},"end":{"line":15,"column":4}},"type":"if","locations":[{"start":{"line":8,"column":3},"end":{"line":15,"column":4}},{"start":{"line":10,"column":10},"end":{"line":15,"column":4}}],"line":8}},"s":{"0":5,"1":5,"2":5,"3":5,"4":2,"5":2,"6":0,"7":2,"8":2,"9":2},"f":{"0":2,"1":2,"2":2},"b":{"0":[0,2]},"_coverageSchema":"1a1c01bbd47fc00a2c39e90264f33305004495a9","hash":"a4fff6500991cadc4731cf4b0825df6621f2f170"}
,"D:\\Relevel_Code\\Week_10\\ecommerce-backend-master\\tests\\interceptor.js": {"path":"D:\\Relevel_Code\\Week_10\\ecommerce-backend-master\\tests\\interceptor.js","statementMap":{"0":{"start":{"line":1,"column":0},"end":{"line":17,"column":3}},"1":{"start":{"line":3,"column":18},"end":{"line":3,"column":20}},"2":{"start":{"line":4,"column":6},"end":{"line":4,"column":47}},"3":{"start":{"line":5,"column":6},"end":{"line":5,"column":49}},"4":{"start":{"line":6,"column":6},"end":{"line":6,"column":16}},"5":{"start":{"line":10,"column":18},"end":{"line":10,"column":20}},"6":{"start":{"line":11,"column":6},"end":{"line":11,"column":47}},"7":{"start":{"line":12,"column":6},"end":{"line":12,"column":49}},"8":{"start":{"line":13,"column":6},"end":{"line":13,"column":47}},"9":{"start":{"line":14,"column":6},"end":{"line":14,"column":16}}},"fnMap":{"0":{"name":"(anonymous_0)","decl":{"start":{"line":2,"column":17},"end":{"line":2,"column":18}},"loc":{"start":{"line":2,"column":23},"end":{"line":7,"column":5}},"line":2},"1":{"name":"(anonymous_1)","decl":{"start":{"line":9,"column":18},"end":{"line":9,"column":19}},"loc":{"start":{"line":9,"column":24},"end":{"line":15,"column":5}},"line":9}},"branchMap":{},"s":{"0":3,"1":34,"2":34,"3":34,"4":34,"5":34,"6":34,"7":34,"8":34,"9":34},"f":{"0":34,"1":34},"b":{},"_coverageSchema":"1a1c01bbd47fc00a2c39e90264f33305004495a9","hash":"58f5b6cd7465d36acf111cba54de47c853e0b7c3"}
}
